Build started 2/18/2014 3:01:53 AM.
     1>Project "C:\Users\Timur\documents\visual studio 2010\Projects\cs414\cs414\cs414.vcxproj" on node 2 (build target(s)).
     1>InitializeBuildStatus:
         Creating "Debug\cs414.unsuccessfulbuild" because "AlwaysCreate" was specified.
       ClCompile:
         C:\Program Files (x86)\Microsoft Visual Studio 10.0\VC\bin\CL.exe /c /I"C:\gstreamer-sdk\0.10\x86\\include\gstreamer-0.10" /I"C:\gstreamer-sdk\0.10\x86\\include\libxml2" /I"C:\gstreamer-sdk\0.10\x86\\include\glib-2.0" /I"C:\gstreamer-sdk\0.10\x86\\lib\glib-2.0\include" /I"C:\gstreamer-sdk\0.10\x86\\include" /ZI /nologo /W3 /WX- /Od /Oy- /D WIN32 /D _DEBUG /D _CONSOLE /D _UNICODE /D UNICODE /Gm /EHsc /RTC1 /MDd /GS /fp:precise /Zc:wchar_t /Zc:forScope /Fo"Debug\\" /Fd"Debug\vc100.pdb" /Gd /TP /analyze- /errorReport:prompt main.cpp -IC:/gtk/include/gtk-2.0 -IC:/gtk/lib/gtk-2.0/include -IC:/gtk/include/atk-1.0 -IC:/gtk/include/cairo -IC:/gtk/include/gdk-pixbuf-2.0 -IC:/gtk/include/pango-1.0 -IC:/gtk/include/glib-2.0 -IC:/gtk/lib/glib-2.0/include -IC:/gtk/include -IC:/gtk/include/freetype2 -IC:/gtk/include/libpng14  
          
         main.cpp
       ManifestResourceCompile:
         All outputs are up-to-date.
       Link:
         C:\Program Files (x86)\Microsoft Visual Studio 10.0\VC\bin\link.exe /ERRORREPORT:PROMPT /OUT:"C:\Users\Timur\documents\visual studio 2010\Projects\cs414\Debug\cs414.exe" /INCREMENTAL /NOLOGO /LIBPATH:"C:\gstreamer-sdk\0.10\x86\\lib" /LIBPATH:"C:\gstreamer-sdk\0.10\x86\\lib" "gstinterfaces-0.10.lib" "gstreamer-0.10.lib" xml2.lib "gthread-2.0.lib" "gmodule-2.0.lib" "gobject-2.0.lib" "glib-2.0.lib" intl.lib kernel32.lib user32.lib gdi32.lib winspool.lib comdlg32.lib advapi32.lib shell32.lib ole32.lib oleaut32.lib uuid.lib odbc32.lib odbccp32.lib /MANIFEST /ManifestFile:"Debug\cs414.exe.intermediate.manifest" /MANIFESTUAC:"level='asInvoker' uiAccess='false'" /DEBUG /PDB:"C:\Users\Timur\documents\visual studio 2010\Projects\cs414\Debug\cs414.pdb" /SUBSYSTEM:CONSOLE /TLBID:1 /DYNAMICBASE /NXCOMPAT /IMPLIB:"C:\Users\Timur\documents\visual studio 2010\Projects\cs414\Debug\cs414.lib" /MACHINE:X86 Debug\cs414.exe.embed.manifest.res
         Debug\audio.obj
         Debug\main.obj /libpath:C:/gtk/lib gtk-win32-2.0.lib gdk-win32-2.0.lib atk-1.0.lib gio-2.0.lib pangowin32-1.0.lib gdi32.lib pangocairo-1.0.lib gdk_pixbuf-2.0.lib pango-1.0.lib cairo.lib gobject-2.0.lib gmodule-2.0.lib gthread-2.0.lib glib-2.0.lib intl.lib /ENTRY:mainCRTStartup
          
       Manifest:
         C:\Program Files (x86)\Microsoft SDKs\Windows\v7.0A\bin\mt.exe /nologo /verbose /out:"Debug\cs414.exe.embed.manifest" /manifest Debug\cs414.exe.intermediate.manifest
         All outputs are up-to-date.
       LinkEmbedManifest:
         All outputs are up-to-date.
         cs414.vcxproj -> C:\Users\Timur\documents\visual studio 2010\Projects\cs414\Debug\cs414.exe
       FinalizeBuildStatus:
         Deleting file "Debug\cs414.unsuccessfulbuild".
         Touching "Debug\cs414.lastbuildstate".
     1>Done Building Project "C:\Users\Timur\documents\visual studio 2010\Projects\cs414\cs414\cs414.vcxproj" (build target(s)).

Build succeeded.

Time Elapsed 00:00:02.13
